[0m01:27:56.005965 [debug] [MainThread]: Sending event: {'category': 'dbt', 'action': 'invocation', 'label': 'start', 'context': [<snowplow_tracker.self_describing_json.SelfDescribingJson object at 0x0000020E909466C0>, <snowplow_tracker.self_describing_json.SelfDescribingJson object at 0x0000020E90945A60>, <snowplow_tracker.self_describing_json.SelfDescribingJson object at 0x0000020E909459A0>]}


============================== 01:27:56.037522 | a945843b-4043-4d9e-b374-4a62ee7c1574 ==============================
[0m01:27:56.037522 [info ] [MainThread]: Running with dbt=1.9.1
[0m01:27:56.037522 [debug] [MainThread]: running dbt with arguments {'printer_width': '80', 'indirect_selection': 'eager', 'log_cache_events': 'False', 'write_json': 'True', 'partial_parse': 'True', 'cache_selected_only': 'False', 'warn_error': 'None', 'debug': 'False', 'profiles_dir': 'C:\\Users\\vinic\\.dbt', 'log_path': 'logs', 'fail_fast': 'False', 'version_check': 'True', 'use_colors': 'True', 'use_experimental_parser': 'False', 'no_print': 'None', 'quiet': 'False', 'empty': 'None', 'warn_error_options': 'WarnErrorOptions(include=[], exclude=[])', 'static_parser': 'True', 'log_format': 'default', 'introspect': 'True', 'target_path': 'None', 'invocation_command': 'dbt init anime-quotes-dbt', 'send_anonymous_usage_stats': 'True'}
[0m01:27:56.132420 [warn ] [MainThread]: [ConfigFolderDirectory]: Unable to parse logging event dictionary. Failed to parse dir field: expected string or bytes-like object, got 'WindowsPath'.. Dictionary: {'dir': WindowsPath('C:/Users/vinic/.dbt')}
[0m01:27:56.132420 [info ] [MainThread]: Creating dbt configuration folder at 
[0m01:28:51.179868 [debug] [MainThread]: Starter project path: C:\Python312\Lib\site-packages\dbt\include\starter_project
[0m01:28:51.226733 [info ] [MainThread]: 
Your new dbt project "anime_quotes_dbt" was created!

For more information on how to configure the profiles.yml file,
please consult the dbt documentation here:

  https://docs.getdbt.com/docs/configure-your-profile

One more thing:

Need help? Don't hesitate to reach out to us via GitHub issues or on Slack:

  https://community.getdbt.com/

Happy modeling!

[0m01:28:51.226733 [info ] [MainThread]: Setting up your profile.
[0m01:28:51.233338 [error] [MainThread]: Encountered an error:
Runtime Error
  No adapters available. Learn how to install an adapter by going to https://docs.getdbt.com/docs/connect-adapters#install-using-the-cli
[0m01:28:51.236858 [debug] [MainThread]: Command `dbt init` failed at 01:28:51.236858 after 55.45 seconds
[0m01:28:51.236858 [debug] [MainThread]: Sending event: {'category': 'dbt', 'action': 'invocation', 'label': 'end', 'context': [<snowplow_tracker.self_describing_json.SelfDescribingJson object at 0x0000020E909459A0>, <snowplow_tracker.self_describing_json.SelfDescribingJson object at 0x0000020E9040AAB0>, <snowplow_tracker.self_describing_json.SelfDescribingJson object at 0x0000020E90E11B20>]}
[0m01:28:51.236858 [debug] [MainThread]: Flushing usage events
[0m01:28:53.293956 [debug] [MainThread]: An error was encountered while trying to flush usage events
